<?xml version="1.0" encoding="UTF-8"?>
<!-- Generated by org.testng.reporters.JUnitXMLReporter -->
<testsuite ignored="0" hostname="MSI" failures="0" tests="50" name="Default test" time="14.236" errors="0" timestamp="2021-05-13T12:20:16 IST">
  <testcase classname="com.typicode.jsonplaceholder.tests.CommentTests" name="verifyCommentEmailTest_CommentId_201" time="1.319"/>
  <testcase classname="com.typicode.jsonplaceholder.tests.CommentTests" name="verifyCommentEmailTest_CommentId_202" time="0.164"/>
  <testcase classname="com.typicode.jsonplaceholder.tests.CommentTests" name="verifyCommentEmailTest_CommentId_203" time="0.18"/>
  <testcase classname="com.typicode.jsonplaceholder.tests.CommentTests" name="verifyCommentEmailTest_CommentId_204" time="0.2"/>
  <testcase classname="com.typicode.jsonplaceholder.tests.CommentTests" name="verifyCommentEmailTest_CommentId_205" time="0.158"/>
  <testcase classname="com.typicode.jsonplaceholder.tests.CommentTests" name="verifyCommentEmailTest_CommentId_206" time="0.151"/>
  <testcase classname="com.typicode.jsonplaceholder.tests.CommentTests" name="verifyCommentEmailTest_CommentId_207" time="0.16"/>
  <testcase classname="com.typicode.jsonplaceholder.tests.CommentTests" name="verifyCommentEmailTest_CommentId_208" time="0.161"/>
  <testcase classname="com.typicode.jsonplaceholder.tests.CommentTests" name="verifyCommentEmailTest_CommentId_209" time="0.139"/>
  <testcase classname="com.typicode.jsonplaceholder.tests.CommentTests" name="verifyCommentEmailTest_CommentId_210" time="0.153"/>
  <testcase classname="com.typicode.jsonplaceholder.tests.CommentTests" name="verifyCommentEmailTest_CommentId_211" time="0.155"/>
  <testcase classname="com.typicode.jsonplaceholder.tests.CommentTests" name="verifyCommentEmailTest_CommentId_212" time="0.16"/>
  <testcase classname="com.typicode.jsonplaceholder.tests.CommentTests" name="verifyCommentEmailTest_CommentId_213" time="0.16"/>
  <testcase classname="com.typicode.jsonplaceholder.tests.CommentTests" name="verifyCommentEmailTest_CommentId_214" time="0.133"/>
  <testcase classname="com.typicode.jsonplaceholder.tests.CommentTests" name="verifyCommentEmailTest_CommentId_215" time="0.143"/>
  <testcase classname="com.typicode.jsonplaceholder.tests.CommentTests" name="verifyCommentEmailTest_CommentId_216" time="0.153"/>
  <testcase classname="com.typicode.jsonplaceholder.tests.CommentTests" name="verifyCommentEmailTest_CommentId_217" time="0.146"/>
  <testcase classname="com.typicode.jsonplaceholder.tests.CommentTests" name="verifyCommentEmailTest_CommentId_218" time="0.145"/>
  <testcase classname="com.typicode.jsonplaceholder.tests.CommentTests" name="verifyCommentEmailTest_CommentId_219" time="0.147"/>
  <testcase classname="com.typicode.jsonplaceholder.tests.CommentTests" name="verifyCommentEmailTest_CommentId_220" time="0.157"/>
  <testcase classname="com.typicode.jsonplaceholder.tests.CommentTests" name="verifyCommentEmailTest_CommentId_221" time="0.133"/>
  <testcase classname="com.typicode.jsonplaceholder.tests.CommentTests" name="verifyCommentEmailTest_CommentId_222" time="0.137"/>
  <testcase classname="com.typicode.jsonplaceholder.tests.CommentTests" name="verifyCommentEmailTest_CommentId_223" time="0.147"/>
  <testcase classname="com.typicode.jsonplaceholder.tests.CommentTests" name="verifyCommentEmailTest_CommentId_224" time="0.14"/>
  <testcase classname="com.typicode.jsonplaceholder.tests.CommentTests" name="verifyCommentEmailTest_CommentId_225" time="0.142"/>
  <testcase classname="com.typicode.jsonplaceholder.tests.CommentTests" name="verifyCommentEmailTest_CommentId_226" time="0.133"/>
  <testcase classname="com.typicode.jsonplaceholder.tests.CommentTests" name="verifyCommentEmailTest_CommentId_227" time="0.123"/>
  <testcase classname="com.typicode.jsonplaceholder.tests.CommentTests" name="verifyCommentEmailTest_CommentId_228" time="0.158"/>
  <testcase classname="com.typicode.jsonplaceholder.tests.CommentTests" name="verifyCommentEmailTest_CommentId_229" time="0.145"/>
  <testcase classname="com.typicode.jsonplaceholder.tests.CommentTests" name="verifyCommentEmailTest_CommentId_230" time="0.125"/>
  <testcase classname="com.typicode.jsonplaceholder.tests.CommentTests" name="verifyCommentEmailTest_CommentId_231" time="0.136"/>
  <testcase classname="com.typicode.jsonplaceholder.tests.CommentTests" name="verifyCommentEmailTest_CommentId_232" time="0.132"/>
  <testcase classname="com.typicode.jsonplaceholder.tests.CommentTests" name="verifyCommentEmailTest_CommentId_233" time="0.139"/>
  <testcase classname="com.typicode.jsonplaceholder.tests.CommentTests" name="verifyCommentEmailTest_CommentId_234" time="0.135"/>
  <testcase classname="com.typicode.jsonplaceholder.tests.CommentTests" name="verifyCommentEmailTest_CommentId_235" time="0.131"/>
  <testcase classname="com.typicode.jsonplaceholder.tests.CommentTests" name="verifyCommentEmailTest_CommentId_236" time="0.149"/>
  <testcase classname="com.typicode.jsonplaceholder.tests.CommentTests" name="verifyCommentEmailTest_CommentId_237" time="0.151"/>
  <testcase classname="com.typicode.jsonplaceholder.tests.CommentTests" name="verifyCommentEmailTest_CommentId_238" time="0.128"/>
  <testcase classname="com.typicode.jsonplaceholder.tests.CommentTests" name="verifyCommentEmailTest_CommentId_239" time="0.131"/>
  <testcase classname="com.typicode.jsonplaceholder.tests.CommentTests" name="verifyCommentEmailTest_CommentId_240" time="0.128"/>
  <testcase classname="com.typicode.jsonplaceholder.tests.CommentTests" name="verifyCommentEmailTest_CommentId_241" time="0.132"/>
  <testcase classname="com.typicode.jsonplaceholder.tests.CommentTests" name="verifyCommentEmailTest_CommentId_242" time="0.187"/>
  <testcase classname="com.typicode.jsonplaceholder.tests.CommentTests" name="verifyCommentEmailTest_CommentId_243" time="0.15"/>
  <testcase classname="com.typicode.jsonplaceholder.tests.CommentTests" name="verifyCommentEmailTest_CommentId_244" time="0.126"/>
  <testcase classname="com.typicode.jsonplaceholder.tests.CommentTests" name="verifyCommentEmailTest_CommentId_245" time="0.15"/>
  <testcase classname="com.typicode.jsonplaceholder.tests.CommentTests" name="verifyCommentEmailTest_CommentId_246" time="0.128"/>
  <testcase classname="com.typicode.jsonplaceholder.tests.CommentTests" name="verifyCommentEmailTest_CommentId_247" time="0.13"/>
  <testcase classname="com.typicode.jsonplaceholder.tests.CommentTests" name="verifyCommentEmailTest_CommentId_248" time="0.155"/>
  <testcase classname="com.typicode.jsonplaceholder.tests.CommentTests" name="verifyCommentEmailTest_CommentId_249" time="0.125"/>
  <testcase classname="com.typicode.jsonplaceholder.tests.CommentTests" name="verifyCommentEmailTest_CommentId_250" time="0.15"/>
</testsuite> <!-- Default test -->
