<?xml version="1.0" encoding="UTF-8"?>
<!-- Generated by org.testng.reporters.JUnitXMLReporter -->
<testsuite ignored="0" hostname="MSI" failures="0" tests="50" name="Default test" time="14.192" errors="0" timestamp="2021-05-14T16:23:16 IST">
  <testcase classname="com.typicode.jsonplaceholder.tests.CommentTests" name="verifyEmailTest_CommentId" time="1.381"/>
  <testcase classname="com.typicode.jsonplaceholder.tests.CommentTests" name="verifyEmailTest_CommentId" time="0.197"/>
  <testcase classname="com.typicode.jsonplaceholder.tests.CommentTests" name="verifyEmailTest_CommentId" time="0.169"/>
  <testcase classname="com.typicode.jsonplaceholder.tests.CommentTests" name="verifyEmailTest_CommentId" time="0.212"/>
  <testcase classname="com.typicode.jsonplaceholder.tests.CommentTests" name="verifyEmailTest_CommentId" time="0.15"/>
  <testcase classname="com.typicode.jsonplaceholder.tests.CommentTests" name="verifyEmailTest_CommentId" time="0.143"/>
  <testcase classname="com.typicode.jsonplaceholder.tests.CommentTests" name="verifyEmailTest_CommentId" time="0.166"/>
  <testcase classname="com.typicode.jsonplaceholder.tests.CommentTests" name="verifyEmailTest_CommentId" time="0.152"/>
  <testcase classname="com.typicode.jsonplaceholder.tests.CommentTests" name="verifyEmailTest_CommentId" time="0.159"/>
  <testcase classname="com.typicode.jsonplaceholder.tests.CommentTests" name="verifyEmailTest_CommentId" time="0.136"/>
  <testcase classname="com.typicode.jsonplaceholder.tests.CommentTests" name="verifyEmailTest_CommentId" time="0.169"/>
  <testcase classname="com.typicode.jsonplaceholder.tests.CommentTests" name="verifyEmailTest_CommentId" time="0.156"/>
  <testcase classname="com.typicode.jsonplaceholder.tests.CommentTests" name="verifyEmailTest_CommentId" time="0.144"/>
  <testcase classname="com.typicode.jsonplaceholder.tests.CommentTests" name="verifyEmailTest_CommentId" time="0.167"/>
  <testcase classname="com.typicode.jsonplaceholder.tests.CommentTests" name="verifyEmailTest_CommentId" time="0.156"/>
  <testcase classname="com.typicode.jsonplaceholder.tests.CommentTests" name="verifyEmailTest_CommentId" time="0.175"/>
  <testcase classname="com.typicode.jsonplaceholder.tests.CommentTests" name="verifyEmailTest_CommentId" time="0.136"/>
  <testcase classname="com.typicode.jsonplaceholder.tests.CommentTests" name="verifyEmailTest_CommentId" time="0.139"/>
  <testcase classname="com.typicode.jsonplaceholder.tests.CommentTests" name="verifyEmailTest_CommentId" time="0.17"/>
  <testcase classname="com.typicode.jsonplaceholder.tests.CommentTests" name="verifyEmailTest_CommentId" time="0.142"/>
  <testcase classname="com.typicode.jsonplaceholder.tests.CommentTests" name="verifyEmailTest_CommentId" time="0.15"/>
  <testcase classname="com.typicode.jsonplaceholder.tests.CommentTests" name="verifyEmailTest_CommentId" time="0.171"/>
  <testcase classname="com.typicode.jsonplaceholder.tests.CommentTests" name="verifyEmailTest_CommentId" time="0.147"/>
  <testcase classname="com.typicode.jsonplaceholder.tests.CommentTests" name="verifyEmailTest_CommentId" time="0.181"/>
  <testcase classname="com.typicode.jsonplaceholder.tests.CommentTests" name="verifyEmailTest_CommentId" time="0.143"/>
  <testcase classname="com.typicode.jsonplaceholder.tests.CommentTests" name="verifyEmailTest_CommentId" time="0.129"/>
  <testcase classname="com.typicode.jsonplaceholder.tests.CommentTests" name="verifyEmailTest_CommentId" time="0.141"/>
  <testcase classname="com.typicode.jsonplaceholder.tests.CommentTests" name="verifyEmailTest_CommentId" time="0.123"/>
  <testcase classname="com.typicode.jsonplaceholder.tests.CommentTests" name="verifyEmailTest_CommentId" time="0.144"/>
  <testcase classname="com.typicode.jsonplaceholder.tests.CommentTests" name="verifyEmailTest_CommentId" time="0.153"/>
  <testcase classname="com.typicode.jsonplaceholder.tests.CommentTests" name="verifyEmailTest_CommentId" time="0.136"/>
  <testcase classname="com.typicode.jsonplaceholder.tests.CommentTests" name="verifyEmailTest_CommentId" time="0.158"/>
  <testcase classname="com.typicode.jsonplaceholder.tests.CommentTests" name="verifyEmailTest_CommentId" time="0.147"/>
  <testcase classname="com.typicode.jsonplaceholder.tests.CommentTests" name="verifyEmailTest_CommentId" time="0.127"/>
  <testcase classname="com.typicode.jsonplaceholder.tests.CommentTests" name="verifyEmailTest_CommentId" time="0.143"/>
  <testcase classname="com.typicode.jsonplaceholder.tests.CommentTests" name="verifyEmailTest_CommentId" time="0.139"/>
  <testcase classname="com.typicode.jsonplaceholder.tests.CommentTests" name="verifyEmailTest_CommentId" time="0.144"/>
  <testcase classname="com.typicode.jsonplaceholder.tests.CommentTests" name="verifyEmailTest_CommentId" time="0.162"/>
  <testcase classname="com.typicode.jsonplaceholder.tests.CommentTests" name="verifyEmailTest_CommentId" time="0.157"/>
  <testcase classname="com.typicode.jsonplaceholder.tests.CommentTests" name="verifyEmailTest_CommentId" time="0.155"/>
  <testcase classname="com.typicode.jsonplaceholder.tests.CommentTests" name="verifyEmailTest_CommentId" time="0.141"/>
  <testcase classname="com.typicode.jsonplaceholder.tests.CommentTests" name="verifyEmailTest_CommentId" time="0.158"/>
  <testcase classname="com.typicode.jsonplaceholder.tests.CommentTests" name="verifyEmailTest_CommentId" time="0.137"/>
  <testcase classname="com.typicode.jsonplaceholder.tests.CommentTests" name="verifyEmailTest_CommentId" time="0.138"/>
  <testcase classname="com.typicode.jsonplaceholder.tests.CommentTests" name="verifyEmailTest_CommentId" time="0.129"/>
  <testcase classname="com.typicode.jsonplaceholder.tests.CommentTests" name="verifyEmailTest_CommentId" time="0.13"/>
  <testcase classname="com.typicode.jsonplaceholder.tests.CommentTests" name="verifyEmailTest_CommentId" time="0.133"/>
  <testcase classname="com.typicode.jsonplaceholder.tests.CommentTests" name="verifyEmailTest_CommentId" time="0.15"/>
  <testcase classname="com.typicode.jsonplaceholder.tests.CommentTests" name="verifyEmailTest_CommentId" time="0.144"/>
  <testcase classname="com.typicode.jsonplaceholder.tests.CommentTests" name="verifyEmailTest_CommentId" time="0.118"/>
</testsuite> <!-- Default test -->
