<?xml version="1.0" encoding="UTF-8"?>
<testng-results ignored="0" total="50" passed="50" failed="0" skipped="0">
  <reporter-output>
  </reporter-output>
  <suite started-at="2021-05-14T15:31:07 IST" name="Default suite" finished-at="2021-05-14T15:31:25 IST" duration-ms="17287">
    <groups>
    </groups>
    <test started-at="2021-05-14T15:31:07 IST" name="Default test" finished-at="2021-05-14T15:31:25 IST" duration-ms="17287">
      <class name="com.typicode.jsonplaceholder.tests.CommentTests">
        <test-method is-config="true" signature="setBaseUri()[pri:0, instance:com.typicode.jsonplaceholder.tests.CommentTests@a530d0a]" started-at="2021-05-14T15:31:05 IST" name="setBaseUri" test-instance-name="verifyEmailTest_CommentId" finished-at="2021-05-14T15:31:07 IST" duration-ms="1988" status="PASS">
          <reporter-output>
          </reporter-output>
        </test-method> <!-- setBaseUri -->
        <test-method is-config="true" signature="createTestInputData()[pri:0, instance:com.typicode.jsonplaceholder.tests.CommentTests@a530d0a]" started-at="2021-05-14T15:31:07 IST" name="createTestInputData" test-instance-name="verifyEmailTest_CommentId" finished-at="2021-05-14T15:31:14 IST" duration-ms="7219" status="PASS">
          <reporter-output>
          </reporter-output>
        </test-method> <!-- createTestInputData -->
        <test-method is-config="true" signature="BeforeMethod(java.lang.reflect.Method,[Ljava.lang.Object;)[pri:0, instance:com.typicode.jsonplaceholder.tests.CommentTests@a530d0a]" started-at="2021-05-14T15:31:15 IST" name="BeforeMethod" test-instance-name="verifyEmailTest_CommentId" finished-at="2021-05-14T15:31:15 IST" duration-ms="4" status="PASS">
          <params>
            <param index="0">
              <value>
                <![CDATA[public void com.typicode.jsonplaceholder.tests.CommentTests.verifyEmailTest(int)]]>
              </value>
            </param>
            <param index="1">
              <value>
                <![CDATA[[Ljava.lang.Object;@e60c5a]]>
              </value>
            </param>
          </params>
          <reporter-output>
          </reporter-output>
        </test-method> <!-- BeforeMethod -->
        <test-method signature="verifyEmailTest(int)[pri:0, instance:com.typicode.jsonplaceholder.tests.CommentTests@a530d0a]" started-at="2021-05-14T15:31:15 IST" name="verifyEmailTest" data-provider="comments" test-instance-name="verifyEmailTest_CommentId" finished-at="2021-05-14T15:31:16 IST" duration-ms="1675" status="PASS">
          <params>
            <param index="0">
              <value>
                <![CDATA[201]]>
              </value>
            </param>
          </params>
          <reporter-output>
          </reporter-output>
        </test-method> <!-- verifyEmailTest -->
        <test-method is-config="true" signature="BeforeMethod(java.lang.reflect.Method,[Ljava.lang.Object;)[pri:0, instance:com.typicode.jsonplaceholder.tests.CommentTests@a530d0a]" started-at="2021-05-14T15:31:16 IST" name="BeforeMethod" test-instance-name="verifyEmailTest_CommentId" finished-at="2021-05-14T15:31:16 IST" duration-ms="1" status="PASS">
          <params>
            <param index="0">
              <value>
                <![CDATA[public void com.typicode.jsonplaceholder.tests.CommentTests.verifyEmailTest(int)]]>
              </value>
            </param>
            <param index="1">
              <value>
                <![CDATA[[Ljava.lang.Object;@626df173]]>
              </value>
            </param>
          </params>
          <reporter-output>
          </reporter-output>
        </test-method> <!-- BeforeMethod -->
        <test-method signature="verifyEmailTest(int)[pri:0, instance:com.typicode.jsonplaceholder.tests.CommentTests@a530d0a]" started-at="2021-05-14T15:31:16 IST" name="verifyEmailTest" data-provider="comments" test-instance-name="verifyEmailTest_CommentId" finished-at="2021-05-14T15:31:16 IST" duration-ms="182" status="PASS">
          <params>
            <param index="0">
              <value>
                <![CDATA[202]]>
              </value>
            </param>
          </params>
          <reporter-output>
          </reporter-output>
        </test-method> <!-- verifyEmailTest -->
        <test-method is-config="true" signature="BeforeMethod(java.lang.reflect.Method,[Ljava.lang.Object;)[pri:0, instance:com.typicode.jsonplaceholder.tests.CommentTests@a530d0a]" started-at="2021-05-14T15:31:16 IST" name="BeforeMethod" test-instance-name="verifyEmailTest_CommentId" finished-at="2021-05-14T15:31:16 IST" duration-ms="1" status="PASS">
          <params>
            <param index="0">
              <value>
                <![CDATA[public void com.typicode.jsonplaceholder.tests.CommentTests.verifyEmailTest(int)]]>
              </value>
            </param>
            <param index="1">
              <value>
                <![CDATA[[Ljava.lang.Object;@4e030feb]]>
              </value>
            </param>
          </params>
          <reporter-output>
          </reporter-output>
        </test-method> <!-- BeforeMethod -->
        <test-method signature="verifyEmailTest(int)[pri:0, instance:com.typicode.jsonplaceholder.tests.CommentTests@a530d0a]" started-at="2021-05-14T15:31:16 IST" name="verifyEmailTest" data-provider="comments" test-instance-name="verifyEmailTest_CommentId" finished-at="2021-05-14T15:31:17 IST" duration-ms="188" status="PASS">
          <params>
            <param index="0">
              <value>
                <![CDATA[203]]>
              </value>
            </param>
          </params>
          <reporter-output>
          </reporter-output>
        </test-method> <!-- verifyEmailTest -->
        <test-method is-config="true" signature="BeforeMethod(java.lang.reflect.Method,[Ljava.lang.Object;)[pri:0, instance:com.typicode.jsonplaceholder.tests.CommentTests@a530d0a]" started-at="2021-05-14T15:31:17 IST" name="BeforeMethod" test-instance-name="verifyEmailTest_CommentId" finished-at="2021-05-14T15:31:17 IST" duration-ms="0" status="PASS">
          <params>
            <param index="0">
              <value>
                <![CDATA[public void com.typicode.jsonplaceholder.tests.CommentTests.verifyEmailTest(int)]]>
              </value>
            </param>
            <param index="1">
              <value>
                <![CDATA[[Ljava.lang.Object;@2411b935]]>
              </value>
            </param>
          </params>
          <reporter-output>
          </reporter-output>
        </test-method> <!-- BeforeMethod -->
        <test-method signature="verifyEmailTest(int)[pri:0, instance:com.typicode.jsonplaceholder.tests.CommentTests@a530d0a]" started-at="2021-05-14T15:31:17 IST" name="verifyEmailTest" data-provider="comments" test-instance-name="verifyEmailTest_CommentId" finished-at="2021-05-14T15:31:17 IST" duration-ms="225" status="PASS">
          <params>
            <param index="0">
              <value>
                <![CDATA[204]]>
              </value>
            </param>
          </params>
          <reporter-output>
          </reporter-output>
        </test-method> <!-- verifyEmailTest -->
        <test-method is-config="true" signature="BeforeMethod(java.lang.reflect.Method,[Ljava.lang.Object;)[pri:0, instance:com.typicode.jsonplaceholder.tests.CommentTests@a530d0a]" started-at="2021-05-14T15:31:17 IST" name="BeforeMethod" test-instance-name="verifyEmailTest_CommentId" finished-at="2021-05-14T15:31:17 IST" duration-ms="0" status="PASS">
          <params>
            <param index="0">
              <value>
                <![CDATA[public void com.typicode.jsonplaceholder.tests.CommentTests.verifyEmailTest(int)]]>
              </value>
            </param>
            <param index="1">
              <value>
                <![CDATA[[Ljava.lang.Object;@1425e531]]>
              </value>
            </param>
          </params>
          <reporter-output>
          </reporter-output>
        </test-method> <!-- BeforeMethod -->
        <test-method signature="verifyEmailTest(int)[pri:0, instance:com.typicode.jsonplaceholder.tests.CommentTests@a530d0a]" started-at="2021-05-14T15:31:17 IST" name="verifyEmailTest" data-provider="comments" test-instance-name="verifyEmailTest_CommentId" finished-at="2021-05-14T15:31:17 IST" duration-ms="225" status="PASS">
          <params>
            <param index="0">
              <value>
                <![CDATA[205]]>
              </value>
            </param>
          </params>
          <reporter-output>
          </reporter-output>
        </test-method> <!-- verifyEmailTest -->
        <test-method is-config="true" signature="BeforeMethod(java.lang.reflect.Method,[Ljava.lang.Object;)[pri:0, instance:com.typicode.jsonplaceholder.tests.CommentTests@a530d0a]" started-at="2021-05-14T15:31:17 IST" name="BeforeMethod" test-instance-name="verifyEmailTest_CommentId" finished-at="2021-05-14T15:31:17 IST" duration-ms="0" status="PASS">
          <params>
            <param index="0">
              <value>
                <![CDATA[public void com.typicode.jsonplaceholder.tests.CommentTests.verifyEmailTest(int)]]>
              </value>
            </param>
            <param index="1">
              <value>
                <![CDATA[[Ljava.lang.Object;@194e78af]]>
              </value>
            </param>
          </params>
          <reporter-output>
          </reporter-output>
        </test-method> <!-- BeforeMethod -->
        <test-method signature="verifyEmailTest(int)[pri:0, instance:com.typicode.jsonplaceholder.tests.CommentTests@a530d0a]" started-at="2021-05-14T15:31:17 IST" name="verifyEmailTest" data-provider="comments" test-instance-name="verifyEmailTest_CommentId" finished-at="2021-05-14T15:31:17 IST" duration-ms="187" status="PASS">
          <params>
            <param index="0">
              <value>
                <![CDATA[206]]>
              </value>
            </param>
          </params>
          <reporter-output>
          </reporter-output>
        </test-method> <!-- verifyEmailTest -->
        <test-method is-config="true" signature="BeforeMethod(java.lang.reflect.Method,[Ljava.lang.Object;)[pri:0, instance:com.typicode.jsonplaceholder.tests.CommentTests@a530d0a]" started-at="2021-05-14T15:31:17 IST" name="BeforeMethod" test-instance-name="verifyEmailTest_CommentId" finished-at="2021-05-14T15:31:17 IST" duration-ms="1" status="PASS">
          <params>
            <param index="0">
              <value>
                <![CDATA[public void com.typicode.jsonplaceholder.tests.CommentTests.verifyEmailTest(int)]]>
              </value>
            </param>
            <param index="1">
              <value>
                <![CDATA[[Ljava.lang.Object;@4fe4503a]]>
              </value>
            </param>
          </params>
          <reporter-output>
          </reporter-output>
        </test-method> <!-- BeforeMethod -->
        <test-method signature="verifyEmailTest(int)[pri:0, instance:com.typicode.jsonplaceholder.tests.CommentTests@a530d0a]" started-at="2021-05-14T15:31:17 IST" name="verifyEmailTest" data-provider="comments" test-instance-name="verifyEmailTest_CommentId" finished-at="2021-05-14T15:31:17 IST" duration-ms="169" status="PASS">
          <params>
            <param index="0">
              <value>
                <![CDATA[207]]>
              </value>
            </param>
          </params>
          <reporter-output>
          </reporter-output>
        </test-method> <!-- verifyEmailTest -->
        <test-method is-config="true" signature="BeforeMethod(java.lang.reflect.Method,[Ljava.lang.Object;)[pri:0, instance:com.typicode.jsonplaceholder.tests.CommentTests@a530d0a]" started-at="2021-05-14T15:31:17 IST" name="BeforeMethod" test-instance-name="verifyEmailTest_CommentId" finished-at="2021-05-14T15:31:17 IST" duration-ms="1" status="PASS">
          <params>
            <param index="0">
              <value>
                <![CDATA[public void com.typicode.jsonplaceholder.tests.CommentTests.verifyEmailTest(int)]]>
              </value>
            </param>
            <param index="1">
              <value>
                <![CDATA[[Ljava.lang.Object;@669580e2]]>
              </value>
            </param>
          </params>
          <reporter-output>
          </reporter-output>
        </test-method> <!-- BeforeMethod -->
        <test-method signature="verifyEmailTest(int)[pri:0, instance:com.typicode.jsonplaceholder.tests.CommentTests@a530d0a]" started-at="2021-05-14T15:31:17 IST" name="verifyEmailTest" data-provider="comments" test-instance-name="verifyEmailTest_CommentId" finished-at="2021-05-14T15:31:18 IST" duration-ms="177" status="PASS">
          <params>
            <param index="0">
              <value>
                <![CDATA[208]]>
              </value>
            </param>
          </params>
          <reporter-output>
          </reporter-output>
        </test-method> <!-- verifyEmailTest -->
        <test-method signature="verifyEmailTest(int)[pri:0, instance:com.typicode.jsonplaceholder.tests.CommentTests@a530d0a]" started-at="2021-05-14T15:31:18 IST" name="verifyEmailTest" data-provider="comments" test-instance-name="verifyEmailTest_CommentId" finished-at="2021-05-14T15:31:18 IST" duration-ms="149" status="PASS">
          <params>
            <param index="0">
              <value>
                <![CDATA[209]]>
              </value>
            </param>
          </params>
          <reporter-output>
          </reporter-output>
        </test-method> <!-- verifyEmailTest -->
        <test-method is-config="true" signature="BeforeMethod(java.lang.reflect.Method,[Ljava.lang.Object;)[pri:0, instance:com.typicode.jsonplaceholder.tests.CommentTests@a530d0a]" started-at="2021-05-14T15:31:18 IST" name="BeforeMethod" test-instance-name="verifyEmailTest_CommentId" finished-at="2021-05-14T15:31:18 IST" duration-ms="0" status="PASS">
          <params>
            <param index="0">
              <value>
                <![CDATA[public void com.typicode.jsonplaceholder.tests.CommentTests.verifyEmailTest(int)]]>
              </value>
            </param>
            <param index="1">
              <value>
                <![CDATA[[Ljava.lang.Object;@5d22ed6c]]>
              </value>
            </param>
          </params>
          <reporter-output>
          </reporter-output>
        </test-method> <!-- BeforeMethod -->
        <test-method is-config="true" signature="BeforeMethod(java.lang.reflect.Method,[Ljava.lang.Object;)[pri:0, instance:com.typicode.jsonplaceholder.tests.CommentTests@a530d0a]" started-at="2021-05-14T15:31:18 IST" name="BeforeMethod" test-instance-name="verifyEmailTest_CommentId" finished-at="2021-05-14T15:31:18 IST" duration-ms="1" status="PASS">
          <params>
            <param index="0">
              <value>
                <![CDATA[public void com.typicode.jsonplaceholder.tests.CommentTests.verifyEmailTest(int)]]>
              </value>
            </param>
            <param index="1">
              <value>
                <![CDATA[[Ljava.lang.Object;@37c37d67]]>
              </value>
            </param>
          </params>
          <reporter-output>
          </reporter-output>
        </test-method> <!-- BeforeMethod -->
        <test-method signature="verifyEmailTest(int)[pri:0, instance:com.typicode.jsonplaceholder.tests.CommentTests@a530d0a]" started-at="2021-05-14T15:31:18 IST" name="verifyEmailTest" data-provider="comments" test-instance-name="verifyEmailTest_CommentId" finished-at="2021-05-14T15:31:18 IST" duration-ms="177" status="PASS">
          <params>
            <param index="0">
              <value>
                <![CDATA[210]]>
              </value>
            </param>
          </params>
          <reporter-output>
          </reporter-output>
        </test-method> <!-- verifyEmailTest -->
        <test-method is-config="true" signature="BeforeMethod(java.lang.reflect.Method,[Ljava.lang.Object;)[pri:0, instance:com.typicode.jsonplaceholder.tests.CommentTests@a530d0a]" started-at="2021-05-14T15:31:18 IST" name="BeforeMethod" test-instance-name="verifyEmailTest_CommentId" finished-at="2021-05-14T15:31:18 IST" duration-ms="1" status="PASS">
          <params>
            <param index="0">
              <value>
                <![CDATA[public void com.typicode.jsonplaceholder.tests.CommentTests.verifyEmailTest(int)]]>
              </value>
            </param>
            <param index="1">
              <value>
                <![CDATA[[Ljava.lang.Object;@5a4b8e25]]>
              </value>
            </param>
          </params>
          <reporter-output>
          </reporter-output>
        </test-method> <!-- BeforeMethod -->
        <test-method signature="verifyEmailTest(int)[pri:0, instance:com.typicode.jsonplaceholder.tests.CommentTests@a530d0a]" started-at="2021-05-14T15:31:18 IST" name="verifyEmailTest" data-provider="comments" test-instance-name="verifyEmailTest_CommentId" finished-at="2021-05-14T15:31:18 IST" duration-ms="155" status="PASS">
          <params>
            <param index="0">
              <value>
                <![CDATA[211]]>
              </value>
            </param>
          </params>
          <reporter-output>
          </reporter-output>
        </test-method> <!-- verifyEmailTest -->
        <test-method is-config="true" signature="BeforeMethod(java.lang.reflect.Method,[Ljava.lang.Object;)[pri:0, instance:com.typicode.jsonplaceholder.tests.CommentTests@a530d0a]" started-at="2021-05-14T15:31:18 IST" name="BeforeMethod" test-instance-name="verifyEmailTest_CommentId" finished-at="2021-05-14T15:31:18 IST" duration-ms="0" status="PASS">
          <params>
            <param index="0">
              <value>
                <![CDATA[public void com.typicode.jsonplaceholder.tests.CommentTests.verifyEmailTest(int)]]>
              </value>
            </param>
            <param index="1">
              <value>
                <![CDATA[[Ljava.lang.Object;@1013871e]]>
              </value>
            </param>
          </params>
          <reporter-output>
          </reporter-output>
        </test-method> <!-- BeforeMethod -->
        <test-method signature="verifyEmailTest(int)[pri:0, instance:com.typicode.jsonplaceholder.tests.CommentTests@a530d0a]" started-at="2021-05-14T15:31:18 IST" name="verifyEmailTest" data-provider="comments" test-instance-name="verifyEmailTest_CommentId" finished-at="2021-05-14T15:31:18 IST" duration-ms="171" status="PASS">
          <params>
            <param index="0">
              <value>
                <![CDATA[212]]>
              </value>
            </param>
          </params>
          <reporter-output>
          </reporter-output>
        </test-method> <!-- verifyEmailTest -->
        <test-method is-config="true" signature="BeforeMethod(java.lang.reflect.Method,[Ljava.lang.Object;)[pri:0, instance:com.typicode.jsonplaceholder.tests.CommentTests@a530d0a]" started-at="2021-05-14T15:31:18 IST" name="BeforeMethod" test-instance-name="verifyEmailTest_CommentId" finished-at="2021-05-14T15:31:18 IST" duration-ms="1" status="PASS">
          <params>
            <param index="0">
              <value>
                <![CDATA[public void com.typicode.jsonplaceholder.tests.CommentTests.verifyEmailTest(int)]]>
              </value>
            </param>
            <param index="1">
              <value>
                <![CDATA[[Ljava.lang.Object;@5a9051fd]]>
              </value>
            </param>
          </params>
          <reporter-output>
          </reporter-output>
        </test-method> <!-- BeforeMethod -->
        <test-method signature="verifyEmailTest(int)[pri:0, instance:com.typicode.jsonplaceholder.tests.CommentTests@a530d0a]" started-at="2021-05-14T15:31:18 IST" name="verifyEmailTest" data-provider="comments" test-instance-name="verifyEmailTest_CommentId" finished-at="2021-05-14T15:31:18 IST" duration-ms="160" status="PASS">
          <params>
            <param index="0">
              <value>
                <![CDATA[213]]>
              </value>
            </param>
          </params>
          <reporter-output>
          </reporter-output>
        </test-method> <!-- verifyEmailTest -->
        <test-method is-config="true" signature="BeforeMethod(java.lang.reflect.Method,[Ljava.lang.Object;)[pri:0, instance:com.typicode.jsonplaceholder.tests.CommentTests@a530d0a]" started-at="2021-05-14T15:31:18 IST" name="BeforeMethod" test-instance-name="verifyEmailTest_CommentId" finished-at="2021-05-14T15:31:18 IST" duration-ms="1" status="PASS">
          <params>
            <param index="0">
              <value>
                <![CDATA[public void com.typicode.jsonplaceholder.tests.CommentTests.verifyEmailTest(int)]]>
              </value>
            </param>
            <param index="1">
              <value>
                <![CDATA[[Ljava.lang.Object;@7614378d]]>
              </value>
            </param>
          </params>
          <reporter-output>
          </reporter-output>
        </test-method> <!-- BeforeMethod -->
        <test-method signature="verifyEmailTest(int)[pri:0, instance:com.typicode.jsonplaceholder.tests.CommentTests@a530d0a]" started-at="2021-05-14T15:31:18 IST" name="verifyEmailTest" data-provider="comments" test-instance-name="verifyEmailTest_CommentId" finished-at="2021-05-14T15:31:19 IST" duration-ms="172" status="PASS">
          <params>
            <param index="0">
              <value>
                <![CDATA[214]]>
              </value>
            </param>
          </params>
          <reporter-output>
          </reporter-output>
        </test-method> <!-- verifyEmailTest -->
        <test-method is-config="true" signature="BeforeMethod(java.lang.reflect.Method,[Ljava.lang.Object;)[pri:0, instance:com.typicode.jsonplaceholder.tests.CommentTests@a530d0a]" started-at="2021-05-14T15:31:19 IST" name="BeforeMethod" test-instance-name="verifyEmailTest_CommentId" finished-at="2021-05-14T15:31:19 IST" duration-ms="1" status="PASS">
          <params>
            <param index="0">
              <value>
                <![CDATA[public void com.typicode.jsonplaceholder.tests.CommentTests.verifyEmailTest(int)]]>
              </value>
            </param>
            <param index="1">
              <value>
                <![CDATA[[Ljava.lang.Object;@7028b5cc]]>
              </value>
            </param>
          </params>
          <reporter-output>
          </reporter-output>
        </test-method> <!-- BeforeMethod -->
        <test-method signature="verifyEmailTest(int)[pri:0, instance:com.typicode.jsonplaceholder.tests.CommentTests@a530d0a]" started-at="2021-05-14T15:31:19 IST" name="verifyEmailTest" data-provider="comments" test-instance-name="verifyEmailTest_CommentId" finished-at="2021-05-14T15:31:19 IST" duration-ms="181" status="PASS">
          <params>
            <param index="0">
              <value>
                <![CDATA[215]]>
              </value>
            </param>
          </params>
          <reporter-output>
          </reporter-output>
        </test-method> <!-- verifyEmailTest -->
        <test-method is-config="true" signature="BeforeMethod(java.lang.reflect.Method,[Ljava.lang.Object;)[pri:0, instance:com.typicode.jsonplaceholder.tests.CommentTests@a530d0a]" started-at="2021-05-14T15:31:19 IST" name="BeforeMethod" test-instance-name="verifyEmailTest_CommentId" finished-at="2021-05-14T15:31:19 IST" duration-ms="2" status="PASS">
          <params>
            <param index="0">
              <value>
                <![CDATA[public void com.typicode.jsonplaceholder.tests.CommentTests.verifyEmailTest(int)]]>
              </value>
            </param>
            <param index="1">
              <value>
                <![CDATA[[Ljava.lang.Object;@7c0ff7a0]]>
              </value>
            </param>
          </params>
          <reporter-output>
          </reporter-output>
        </test-method> <!-- BeforeMethod -->
        <test-method signature="verifyEmailTest(int)[pri:0, instance:com.typicode.jsonplaceholder.tests.CommentTests@a530d0a]" started-at="2021-05-14T15:31:19 IST" name="verifyEmailTest" data-provider="comments" test-instance-name="verifyEmailTest_CommentId" finished-at="2021-05-14T15:31:19 IST" duration-ms="167" status="PASS">
          <params>
            <param index="0">
              <value>
                <![CDATA[216]]>
              </value>
            </param>
          </params>
          <reporter-output>
          </reporter-output>
        </test-method> <!-- verifyEmailTest -->
        <test-method is-config="true" signature="BeforeMethod(java.lang.reflect.Method,[Ljava.lang.Object;)[pri:0, instance:com.typicode.jsonplaceholder.tests.CommentTests@a530d0a]" started-at="2021-05-14T15:31:19 IST" name="BeforeMethod" test-instance-name="verifyEmailTest_CommentId" finished-at="2021-05-14T15:31:19 IST" duration-ms="1" status="PASS">
          <params>
            <param index="0">
              <value>
                <![CDATA[public void com.typicode.jsonplaceholder.tests.CommentTests.verifyEmailTest(int)]]>
              </value>
            </param>
            <param index="1">
              <value>
                <![CDATA[[Ljava.lang.Object;@24c84e65]]>
              </value>
            </param>
          </params>
          <reporter-output>
          </reporter-output>
        </test-method> <!-- BeforeMethod -->
        <test-method signature="verifyEmailTest(int)[pri:0, instance:com.typicode.jsonplaceholder.tests.CommentTests@a530d0a]" started-at="2021-05-14T15:31:19 IST" name="verifyEmailTest" data-provider="comments" test-instance-name="verifyEmailTest_CommentId" finished-at="2021-05-14T15:31:19 IST" duration-ms="180" status="PASS">
          <params>
            <param index="0">
              <value>
                <![CDATA[217]]>
              </value>
            </param>
          </params>
          <reporter-output>
          </reporter-output>
        </test-method> <!-- verifyEmailTest -->
        <test-method is-config="true" signature="BeforeMethod(java.lang.reflect.Method,[Ljava.lang.Object;)[pri:0, instance:com.typicode.jsonplaceholder.tests.CommentTests@a530d0a]" started-at="2021-05-14T15:31:19 IST" name="BeforeMethod" test-instance-name="verifyEmailTest_CommentId" finished-at="2021-05-14T15:31:19 IST" duration-ms="1" status="PASS">
          <params>
            <param index="0">
              <value>
                <![CDATA[public void com.typicode.jsonplaceholder.tests.CommentTests.verifyEmailTest(int)]]>
              </value>
            </param>
            <param index="1">
              <value>
                <![CDATA[[Ljava.lang.Object;@7337bd2e]]>
              </value>
            </param>
          </params>
          <reporter-output>
          </reporter-output>
        </test-method> <!-- BeforeMethod -->
        <test-method signature="verifyEmailTest(int)[pri:0, instance:com.typicode.jsonplaceholder.tests.CommentTests@a530d0a]" started-at="2021-05-14T15:31:19 IST" name="verifyEmailTest" data-provider="comments" test-instance-name="verifyEmailTest_CommentId" finished-at="2021-05-14T15:31:19 IST" duration-ms="258" status="PASS">
          <params>
            <param index="0">
              <value>
                <![CDATA[218]]>
              </value>
            </param>
          </params>
          <reporter-output>
          </reporter-output>
        </test-method> <!-- verifyEmailTest -->
        <test-method is-config="true" signature="BeforeMethod(java.lang.reflect.Method,[Ljava.lang.Object;)[pri:0, instance:com.typicode.jsonplaceholder.tests.CommentTests@a530d0a]" started-at="2021-05-14T15:31:19 IST" name="BeforeMethod" test-instance-name="verifyEmailTest_CommentId" finished-at="2021-05-14T15:31:19 IST" duration-ms="1" status="PASS">
          <params>
            <param index="0">
              <value>
                <![CDATA[public void com.typicode.jsonplaceholder.tests.CommentTests.verifyEmailTest(int)]]>
              </value>
            </param>
            <param index="1">
              <value>
                <![CDATA[[Ljava.lang.Object;@4604e051]]>
              </value>
            </param>
          </params>
          <reporter-output>
          </reporter-output>
        </test-method> <!-- BeforeMethod -->
        <test-method signature="verifyEmailTest(int)[pri:0, instance:com.typicode.jsonplaceholder.tests.CommentTests@a530d0a]" started-at="2021-05-14T15:31:19 IST" name="verifyEmailTest" data-provider="comments" test-instance-name="verifyEmailTest_CommentId" finished-at="2021-05-14T15:31:20 IST" duration-ms="162" status="PASS">
          <params>
            <param index="0">
              <value>
                <![CDATA[219]]>
              </value>
            </param>
          </params>
          <reporter-output>
          </reporter-output>
        </test-method> <!-- verifyEmailTest -->
        <test-method is-config="true" signature="BeforeMethod(java.lang.reflect.Method,[Ljava.lang.Object;)[pri:0, instance:com.typicode.jsonplaceholder.tests.CommentTests@a530d0a]" started-at="2021-05-14T15:31:20 IST" name="BeforeMethod" test-instance-name="verifyEmailTest_CommentId" finished-at="2021-05-14T15:31:20 IST" duration-ms="1" status="PASS">
          <params>
            <param index="0">
              <value>
                <![CDATA[public void com.typicode.jsonplaceholder.tests.CommentTests.verifyEmailTest(int)]]>
              </value>
            </param>
            <param index="1">
              <value>
                <![CDATA[[Ljava.lang.Object;@4535bdc6]]>
              </value>
            </param>
          </params>
          <reporter-output>
          </reporter-output>
        </test-method> <!-- BeforeMethod -->
        <test-method signature="verifyEmailTest(int)[pri:0, instance:com.typicode.jsonplaceholder.tests.CommentTests@a530d0a]" started-at="2021-05-14T15:31:20 IST" name="verifyEmailTest" data-provider="comments" test-instance-name="verifyEmailTest_CommentId" finished-at="2021-05-14T15:31:20 IST" duration-ms="176" status="PASS">
          <params>
            <param index="0">
              <value>
                <![CDATA[220]]>
              </value>
            </param>
          </params>
          <reporter-output>
          </reporter-output>
        </test-method> <!-- verifyEmailTest -->
        <test-method is-config="true" signature="BeforeMethod(java.lang.reflect.Method,[Ljava.lang.Object;)[pri:0, instance:com.typicode.jsonplaceholder.tests.CommentTests@a530d0a]" started-at="2021-05-14T15:31:20 IST" name="BeforeMethod" test-instance-name="verifyEmailTest_CommentId" finished-at="2021-05-14T15:31:20 IST" duration-ms="1" status="PASS">
          <params>
            <param index="0">
              <value>
                <![CDATA[public void com.typicode.jsonplaceholder.tests.CommentTests.verifyEmailTest(int)]]>
              </value>
            </param>
            <param index="1">
              <value>
                <![CDATA[[Ljava.lang.Object;@23e86863]]>
              </value>
            </param>
          </params>
          <reporter-output>
          </reporter-output>
        </test-method> <!-- BeforeMethod -->
        <test-method signature="verifyEmailTest(int)[pri:0, instance:com.typicode.jsonplaceholder.tests.CommentTests@a530d0a]" started-at="2021-05-14T15:31:20 IST" name="verifyEmailTest" data-provider="comments" test-instance-name="verifyEmailTest_CommentId" finished-at="2021-05-14T15:31:20 IST" duration-ms="168" status="PASS">
          <params>
            <param index="0">
              <value>
                <![CDATA[221]]>
              </value>
            </param>
          </params>
          <reporter-output>
          </reporter-output>
        </test-method> <!-- verifyEmailTest -->
        <test-method is-config="true" signature="BeforeMethod(java.lang.reflect.Method,[Ljava.lang.Object;)[pri:0, instance:com.typicode.jsonplaceholder.tests.CommentTests@a530d0a]" started-at="2021-05-14T15:31:20 IST" name="BeforeMethod" test-instance-name="verifyEmailTest_CommentId" finished-at="2021-05-14T15:31:20 IST" duration-ms="1" status="PASS">
          <params>
            <param index="0">
              <value>
                <![CDATA[public void com.typicode.jsonplaceholder.tests.CommentTests.verifyEmailTest(int)]]>
              </value>
            </param>
            <param index="1">
              <value>
                <![CDATA[[Ljava.lang.Object;@6df87ffd]]>
              </value>
            </param>
          </params>
          <reporter-output>
          </reporter-output>
        </test-method> <!-- BeforeMethod -->
        <test-method signature="verifyEmailTest(int)[pri:0, instance:com.typicode.jsonplaceholder.tests.CommentTests@a530d0a]" started-at="2021-05-14T15:31:20 IST" name="verifyEmailTest" data-provider="comments" test-instance-name="verifyEmailTest_CommentId" finished-at="2021-05-14T15:31:20 IST" duration-ms="155" status="PASS">
          <params>
            <param index="0">
              <value>
                <![CDATA[222]]>
              </value>
            </param>
          </params>
          <reporter-output>
          </reporter-output>
        </test-method> <!-- verifyEmailTest -->
        <test-method is-config="true" signature="BeforeMethod(java.lang.reflect.Method,[Ljava.lang.Object;)[pri:0, instance:com.typicode.jsonplaceholder.tests.CommentTests@a530d0a]" started-at="2021-05-14T15:31:20 IST" name="BeforeMethod" test-instance-name="verifyEmailTest_CommentId" finished-at="2021-05-14T15:31:20 IST" duration-ms="1" status="PASS">
          <params>
            <param index="0">
              <value>
                <![CDATA[public void com.typicode.jsonplaceholder.tests.CommentTests.verifyEmailTest(int)]]>
              </value>
            </param>
            <param index="1">
              <value>
                <![CDATA[[Ljava.lang.Object;@c1f0c7b]]>
              </value>
            </param>
          </params>
          <reporter-output>
          </reporter-output>
        </test-method> <!-- BeforeMethod -->
        <test-method signature="verifyEmailTest(int)[pri:0, instance:com.typicode.jsonplaceholder.tests.CommentTests@a530d0a]" started-at="2021-05-14T15:31:20 IST" name="verifyEmailTest" data-provider="comments" test-instance-name="verifyEmailTest_CommentId" finished-at="2021-05-14T15:31:20 IST" duration-ms="168" status="PASS">
          <params>
            <param index="0">
              <value>
                <![CDATA[223]]>
              </value>
            </param>
          </params>
          <reporter-output>
          </reporter-output>
        </test-method> <!-- verifyEmailTest -->
        <test-method is-config="true" signature="BeforeMethod(java.lang.reflect.Method,[Ljava.lang.Object;)[pri:0, instance:com.typicode.jsonplaceholder.tests.CommentTests@a530d0a]" started-at="2021-05-14T15:31:20 IST" name="BeforeMethod" test-instance-name="verifyEmailTest_CommentId" finished-at="2021-05-14T15:31:20 IST" duration-ms="1" status="PASS">
          <params>
            <param index="0">
              <value>
                <![CDATA[public void com.typicode.jsonplaceholder.tests.CommentTests.verifyEmailTest(int)]]>
              </value>
            </param>
            <param index="1">
              <value>
                <![CDATA[[Ljava.lang.Object;@642c5bb3]]>
              </value>
            </param>
          </params>
          <reporter-output>
          </reporter-output>
        </test-method> <!-- BeforeMethod -->
        <test-method signature="verifyEmailTest(int)[pri:0, instance:com.typicode.jsonplaceholder.tests.CommentTests@a530d0a]" started-at="2021-05-14T15:31:20 IST" name="verifyEmailTest" data-provider="comments" test-instance-name="verifyEmailTest_CommentId" finished-at="2021-05-14T15:31:20 IST" duration-ms="195" status="PASS">
          <params>
            <param index="0">
              <value>
                <![CDATA[224]]>
              </value>
            </param>
          </params>
          <reporter-output>
          </reporter-output>
        </test-method> <!-- verifyEmailTest -->
        <test-method is-config="true" signature="BeforeMethod(java.lang.reflect.Method,[Ljava.lang.Object;)[pri:0, instance:com.typicode.jsonplaceholder.tests.CommentTests@a530d0a]" started-at="2021-05-14T15:31:20 IST" name="BeforeMethod" test-instance-name="verifyEmailTest_CommentId" finished-at="2021-05-14T15:31:20 IST" duration-ms="1" status="PASS">
          <params>
            <param index="0">
              <value>
                <![CDATA[public void com.typicode.jsonplaceholder.tests.CommentTests.verifyEmailTest(int)]]>
              </value>
            </param>
            <param index="1">
              <value>
                <![CDATA[[Ljava.lang.Object;@4e79c25]]>
              </value>
            </param>
          </params>
          <reporter-output>
          </reporter-output>
        </test-method> <!-- BeforeMethod -->
        <test-method signature="verifyEmailTest(int)[pri:0, instance:com.typicode.jsonplaceholder.tests.CommentTests@a530d0a]" started-at="2021-05-14T15:31:20 IST" name="verifyEmailTest" data-provider="comments" test-instance-name="verifyEmailTest_CommentId" finished-at="2021-05-14T15:31:21 IST" duration-ms="184" status="PASS">
          <params>
            <param index="0">
              <value>
                <![CDATA[225]]>
              </value>
            </param>
          </params>
          <reporter-output>
          </reporter-output>
        </test-method> <!-- verifyEmailTest -->
        <test-method is-config="true" signature="BeforeMethod(java.lang.reflect.Method,[Ljava.lang.Object;)[pri:0, instance:com.typicode.jsonplaceholder.tests.CommentTests@a530d0a]" started-at="2021-05-14T15:31:21 IST" name="BeforeMethod" test-instance-name="verifyEmailTest_CommentId" finished-at="2021-05-14T15:31:21 IST" duration-ms="0" status="PASS">
          <params>
            <param index="0">
              <value>
                <![CDATA[public void com.typicode.jsonplaceholder.tests.CommentTests.verifyEmailTest(int)]]>
              </value>
            </param>
            <param index="1">
              <value>
                <![CDATA[[Ljava.lang.Object;@2ace1cd3]]>
              </value>
            </param>
          </params>
          <reporter-output>
          </reporter-output>
        </test-method> <!-- BeforeMethod -->
        <test-method signature="verifyEmailTest(int)[pri:0, instance:com.typicode.jsonplaceholder.tests.CommentTests@a530d0a]" started-at="2021-05-14T15:31:21 IST" name="verifyEmailTest" data-provider="comments" test-instance-name="verifyEmailTest_CommentId" finished-at="2021-05-14T15:31:21 IST" duration-ms="169" status="PASS">
          <params>
            <param index="0">
              <value>
                <![CDATA[226]]>
              </value>
            </param>
          </params>
          <reporter-output>
          </reporter-output>
        </test-method> <!-- verifyEmailTest -->
        <test-method is-config="true" signature="BeforeMethod(java.lang.reflect.Method,[Ljava.lang.Object;)[pri:0, instance:com.typicode.jsonplaceholder.tests.CommentTests@a530d0a]" started-at="2021-05-14T15:31:21 IST" name="BeforeMethod" test-instance-name="verifyEmailTest_CommentId" finished-at="2021-05-14T15:31:21 IST" duration-ms="0" status="PASS">
          <params>
            <param index="0">
              <value>
                <![CDATA[public void com.typicode.jsonplaceholder.tests.CommentTests.verifyEmailTest(int)]]>
              </value>
            </param>
            <param index="1">
              <value>
                <![CDATA[[Ljava.lang.Object;@5e46a125]]>
              </value>
            </param>
          </params>
          <reporter-output>
          </reporter-output>
        </test-method> <!-- BeforeMethod -->
        <test-method signature="verifyEmailTest(int)[pri:0, instance:com.typicode.jsonplaceholder.tests.CommentTests@a530d0a]" started-at="2021-05-14T15:31:21 IST" name="verifyEmailTest" data-provider="comments" test-instance-name="verifyEmailTest_CommentId" finished-at="2021-05-14T15:31:21 IST" duration-ms="143" status="PASS">
          <params>
            <param index="0">
              <value>
                <![CDATA[227]]>
              </value>
            </param>
          </params>
          <reporter-output>
          </reporter-output>
        </test-method> <!-- verifyEmailTest -->
        <test-method signature="verifyEmailTest(int)[pri:0, instance:com.typicode.jsonplaceholder.tests.CommentTests@a530d0a]" started-at="2021-05-14T15:31:21 IST" name="verifyEmailTest" data-provider="comments" test-instance-name="verifyEmailTest_CommentId" finished-at="2021-05-14T15:31:21 IST" duration-ms="130" status="PASS">
          <params>
            <param index="0">
              <value>
                <![CDATA[228]]>
              </value>
            </param>
          </params>
          <reporter-output>
          </reporter-output>
        </test-method> <!-- verifyEmailTest -->
        <test-method is-config="true" signature="BeforeMethod(java.lang.reflect.Method,[Ljava.lang.Object;)[pri:0, instance:com.typicode.jsonplaceholder.tests.CommentTests@a530d0a]" started-at="2021-05-14T15:31:21 IST" name="BeforeMethod" test-instance-name="verifyEmailTest_CommentId" finished-at="2021-05-14T15:31:21 IST" duration-ms="0" status="PASS">
          <params>
            <param index="0">
              <value>
                <![CDATA[public void com.typicode.jsonplaceholder.tests.CommentTests.verifyEmailTest(int)]]>
              </value>
            </param>
            <param index="1">
              <value>
                <![CDATA[[Ljava.lang.Object;@5831989d]]>
              </value>
            </param>
          </params>
          <reporter-output>
          </reporter-output>
        </test-method> <!-- BeforeMethod -->
        <test-method is-config="true" signature="BeforeMethod(java.lang.reflect.Method,[Ljava.lang.Object;)[pri:0, instance:com.typicode.jsonplaceholder.tests.CommentTests@a530d0a]" started-at="2021-05-14T15:31:21 IST" name="BeforeMethod" test-instance-name="verifyEmailTest_CommentId" finished-at="2021-05-14T15:31:21 IST" duration-ms="1" status="PASS">
          <params>
            <param index="0">
              <value>
                <![CDATA[public void com.typicode.jsonplaceholder.tests.CommentTests.verifyEmailTest(int)]]>
              </value>
            </param>
            <param index="1">
              <value>
                <![CDATA[[Ljava.lang.Object;@608f310a]]>
              </value>
            </param>
          </params>
          <reporter-output>
          </reporter-output>
        </test-method> <!-- BeforeMethod -->
        <test-method signature="verifyEmailTest(int)[pri:0, instance:com.typicode.jsonplaceholder.tests.CommentTests@a530d0a]" started-at="2021-05-14T15:31:21 IST" name="verifyEmailTest" data-provider="comments" test-instance-name="verifyEmailTest_CommentId" finished-at="2021-05-14T15:31:21 IST" duration-ms="135" status="PASS">
          <params>
            <param index="0">
              <value>
                <![CDATA[229]]>
              </value>
            </param>
          </params>
          <reporter-output>
          </reporter-output>
        </test-method> <!-- verifyEmailTest -->
        <test-method is-config="true" signature="BeforeMethod(java.lang.reflect.Method,[Ljava.lang.Object;)[pri:0, instance:com.typicode.jsonplaceholder.tests.CommentTests@a530d0a]" started-at="2021-05-14T15:31:21 IST" name="BeforeMethod" test-instance-name="verifyEmailTest_CommentId" finished-at="2021-05-14T15:31:21 IST" duration-ms="0" status="PASS">
          <params>
            <param index="0">
              <value>
                <![CDATA[public void com.typicode.jsonplaceholder.tests.CommentTests.verifyEmailTest(int)]]>
              </value>
            </param>
            <param index="1">
              <value>
                <![CDATA[[Ljava.lang.Object;@3a7d914c]]>
              </value>
            </param>
          </params>
          <reporter-output>
          </reporter-output>
        </test-method> <!-- BeforeMethod -->
        <test-method signature="verifyEmailTest(int)[pri:0, instance:com.typicode.jsonplaceholder.tests.CommentTests@a530d0a]" started-at="2021-05-14T15:31:21 IST" name="verifyEmailTest" data-provider="comments" test-instance-name="verifyEmailTest_CommentId" finished-at="2021-05-14T15:31:21 IST" duration-ms="183" status="PASS">
          <params>
            <param index="0">
              <value>
                <![CDATA[230]]>
              </value>
            </param>
          </params>
          <reporter-output>
          </reporter-output>
        </test-method> <!-- verifyEmailTest -->
        <test-method is-config="true" signature="BeforeMethod(java.lang.reflect.Method,[Ljava.lang.Object;)[pri:0, instance:com.typicode.jsonplaceholder.tests.CommentTests@a530d0a]" started-at="2021-05-14T15:31:21 IST" name="BeforeMethod" test-instance-name="verifyEmailTest_CommentId" finished-at="2021-05-14T15:31:21 IST" duration-ms="1" status="PASS">
          <params>
            <param index="0">
              <value>
                <![CDATA[public void com.typicode.jsonplaceholder.tests.CommentTests.verifyEmailTest(int)]]>
              </value>
            </param>
            <param index="1">
              <value>
                <![CDATA[[Ljava.lang.Object;@515940af]]>
              </value>
            </param>
          </params>
          <reporter-output>
          </reporter-output>
        </test-method> <!-- BeforeMethod -->
        <test-method signature="verifyEmailTest(int)[pri:0, instance:com.typicode.jsonplaceholder.tests.CommentTests@a530d0a]" started-at="2021-05-14T15:31:21 IST" name="verifyEmailTest" data-provider="comments" test-instance-name="verifyEmailTest_CommentId" finished-at="2021-05-14T15:31:22 IST" duration-ms="148" status="PASS">
          <params>
            <param index="0">
              <value>
                <![CDATA[231]]>
              </value>
            </param>
          </params>
          <reporter-output>
          </reporter-output>
        </test-method> <!-- verifyEmailTest -->
        <test-method is-config="true" signature="BeforeMethod(java.lang.reflect.Method,[Ljava.lang.Object;)[pri:0, instance:com.typicode.jsonplaceholder.tests.CommentTests@a530d0a]" started-at="2021-05-14T15:31:22 IST" name="BeforeMethod" test-instance-name="verifyEmailTest_CommentId" finished-at="2021-05-14T15:31:22 IST" duration-ms="1" status="PASS">
          <params>
            <param index="0">
              <value>
                <![CDATA[public void com.typicode.jsonplaceholder.tests.CommentTests.verifyEmailTest(int)]]>
              </value>
            </param>
            <param index="1">
              <value>
                <![CDATA[[Ljava.lang.Object;@5f8df69]]>
              </value>
            </param>
          </params>
          <reporter-output>
          </reporter-output>
        </test-method> <!-- BeforeMethod -->
        <test-method signature="verifyEmailTest(int)[pri:0, instance:com.typicode.jsonplaceholder.tests.CommentTests@a530d0a]" started-at="2021-05-14T15:31:22 IST" name="verifyEmailTest" data-provider="comments" test-instance-name="verifyEmailTest_CommentId" finished-at="2021-05-14T15:31:22 IST" duration-ms="156" status="PASS">
          <params>
            <param index="0">
              <value>
                <![CDATA[232]]>
              </value>
            </param>
          </params>
          <reporter-output>
          </reporter-output>
        </test-method> <!-- verifyEmailTest -->
        <test-method is-config="true" signature="BeforeMethod(java.lang.reflect.Method,[Ljava.lang.Object;)[pri:0, instance:com.typicode.jsonplaceholder.tests.CommentTests@a530d0a]" started-at="2021-05-14T15:31:22 IST" name="BeforeMethod" test-instance-name="verifyEmailTest_CommentId" finished-at="2021-05-14T15:31:22 IST" duration-ms="0" status="PASS">
          <params>
            <param index="0">
              <value>
                <![CDATA[public void com.typicode.jsonplaceholder.tests.CommentTests.verifyEmailTest(int)]]>
              </value>
            </param>
            <param index="1">
              <value>
                <![CDATA[[Ljava.lang.Object;@1ce6a9bd]]>
              </value>
            </param>
          </params>
          <reporter-output>
          </reporter-output>
        </test-method> <!-- BeforeMethod -->
        <test-method signature="verifyEmailTest(int)[pri:0, instance:com.typicode.jsonplaceholder.tests.CommentTests@a530d0a]" started-at="2021-05-14T15:31:22 IST" name="verifyEmailTest" data-provider="comments" test-instance-name="verifyEmailTest_CommentId" finished-at="2021-05-14T15:31:22 IST" duration-ms="161" status="PASS">
          <params>
            <param index="0">
              <value>
                <![CDATA[233]]>
              </value>
            </param>
          </params>
          <reporter-output>
          </reporter-output>
        </test-method> <!-- verifyEmailTest -->
        <test-method is-config="true" signature="BeforeMethod(java.lang.reflect.Method,[Ljava.lang.Object;)[pri:0, instance:com.typicode.jsonplaceholder.tests.CommentTests@a530d0a]" started-at="2021-05-14T15:31:22 IST" name="BeforeMethod" test-instance-name="verifyEmailTest_CommentId" finished-at="2021-05-14T15:31:22 IST" duration-ms="1" status="PASS">
          <params>
            <param index="0">
              <value>
                <![CDATA[public void com.typicode.jsonplaceholder.tests.CommentTests.verifyEmailTest(int)]]>
              </value>
            </param>
            <param index="1">
              <value>
                <![CDATA[[Ljava.lang.Object;@4a47bc9c]]>
              </value>
            </param>
          </params>
          <reporter-output>
          </reporter-output>
        </test-method> <!-- BeforeMethod -->
        <test-method signature="verifyEmailTest(int)[pri:0, instance:com.typicode.jsonplaceholder.tests.CommentTests@a530d0a]" started-at="2021-05-14T15:31:22 IST" name="verifyEmailTest" data-provider="comments" test-instance-name="verifyEmailTest_CommentId" finished-at="2021-05-14T15:31:22 IST" duration-ms="154" status="PASS">
          <params>
            <param index="0">
              <value>
                <![CDATA[234]]>
              </value>
            </param>
          </params>
          <reporter-output>
          </reporter-output>
        </test-method> <!-- verifyEmailTest -->
        <test-method is-config="true" signature="BeforeMethod(java.lang.reflect.Method,[Ljava.lang.Object;)[pri:0, instance:com.typicode.jsonplaceholder.tests.CommentTests@a530d0a]" started-at="2021-05-14T15:31:22 IST" name="BeforeMethod" test-instance-name="verifyEmailTest_CommentId" finished-at="2021-05-14T15:31:22 IST" duration-ms="0" status="PASS">
          <params>
            <param index="0">
              <value>
                <![CDATA[public void com.typicode.jsonplaceholder.tests.CommentTests.verifyEmailTest(int)]]>
              </value>
            </param>
            <param index="1">
              <value>
                <![CDATA[[Ljava.lang.Object;@5100c143]]>
              </value>
            </param>
          </params>
          <reporter-output>
          </reporter-output>
        </test-method> <!-- BeforeMethod -->
        <test-method signature="verifyEmailTest(int)[pri:0, instance:com.typicode.jsonplaceholder.tests.CommentTests@a530d0a]" started-at="2021-05-14T15:31:22 IST" name="verifyEmailTest" data-provider="comments" test-instance-name="verifyEmailTest_CommentId" finished-at="2021-05-14T15:31:22 IST" duration-ms="148" status="PASS">
          <params>
            <param index="0">
              <value>
                <![CDATA[235]]>
              </value>
            </param>
          </params>
          <reporter-output>
          </reporter-output>
        </test-method> <!-- verifyEmailTest -->
        <test-method is-config="true" signature="BeforeMethod(java.lang.reflect.Method,[Ljava.lang.Object;)[pri:0, instance:com.typicode.jsonplaceholder.tests.CommentTests@a530d0a]" started-at="2021-05-14T15:31:22 IST" name="BeforeMethod" test-instance-name="verifyEmailTest_CommentId" finished-at="2021-05-14T15:31:22 IST" duration-ms="1" status="PASS">
          <params>
            <param index="0">
              <value>
                <![CDATA[public void com.typicode.jsonplaceholder.tests.CommentTests.verifyEmailTest(int)]]>
              </value>
            </param>
            <param index="1">
              <value>
                <![CDATA[[Ljava.lang.Object;@12404f9d]]>
              </value>
            </param>
          </params>
          <reporter-output>
          </reporter-output>
        </test-method> <!-- BeforeMethod -->
        <test-method signature="verifyEmailTest(int)[pri:0, instance:com.typicode.jsonplaceholder.tests.CommentTests@a530d0a]" started-at="2021-05-14T15:31:22 IST" name="verifyEmailTest" data-provider="comments" test-instance-name="verifyEmailTest_CommentId" finished-at="2021-05-14T15:31:22 IST" duration-ms="152" status="PASS">
          <params>
            <param index="0">
              <value>
                <![CDATA[236]]>
              </value>
            </param>
          </params>
          <reporter-output>
          </reporter-output>
        </test-method> <!-- verifyEmailTest -->
        <test-method is-config="true" signature="BeforeMethod(java.lang.reflect.Method,[Ljava.lang.Object;)[pri:0, instance:com.typicode.jsonplaceholder.tests.CommentTests@a530d0a]" started-at="2021-05-14T15:31:22 IST" name="BeforeMethod" test-instance-name="verifyEmailTest_CommentId" finished-at="2021-05-14T15:31:22 IST" duration-ms="0" status="PASS">
          <params>
            <param index="0">
              <value>
                <![CDATA[public void com.typicode.jsonplaceholder.tests.CommentTests.verifyEmailTest(int)]]>
              </value>
            </param>
            <param index="1">
              <value>
                <![CDATA[[Ljava.lang.Object;@3b42b729]]>
              </value>
            </param>
          </params>
          <reporter-output>
          </reporter-output>
        </test-method> <!-- BeforeMethod -->
        <test-method signature="verifyEmailTest(int)[pri:0, instance:com.typicode.jsonplaceholder.tests.CommentTests@a530d0a]" started-at="2021-05-14T15:31:22 IST" name="verifyEmailTest" data-provider="comments" test-instance-name="verifyEmailTest_CommentId" finished-at="2021-05-14T15:31:23 IST" duration-ms="190" status="PASS">
          <params>
            <param index="0">
              <value>
                <![CDATA[237]]>
              </value>
            </param>
          </params>
          <reporter-output>
          </reporter-output>
        </test-method> <!-- verifyEmailTest -->
        <test-method is-config="true" signature="BeforeMethod(java.lang.reflect.Method,[Ljava.lang.Object;)[pri:0, instance:com.typicode.jsonplaceholder.tests.CommentTests@a530d0a]" started-at="2021-05-14T15:31:23 IST" name="BeforeMethod" test-instance-name="verifyEmailTest_CommentId" finished-at="2021-05-14T15:31:23 IST" duration-ms="1" status="PASS">
          <params>
            <param index="0">
              <value>
                <![CDATA[public void com.typicode.jsonplaceholder.tests.CommentTests.verifyEmailTest(int)]]>
              </value>
            </param>
            <param index="1">
              <value>
                <![CDATA[[Ljava.lang.Object;@4c164f81]]>
              </value>
            </param>
          </params>
          <reporter-output>
          </reporter-output>
        </test-method> <!-- BeforeMethod -->
        <test-method signature="verifyEmailTest(int)[pri:0, instance:com.typicode.jsonplaceholder.tests.CommentTests@a530d0a]" started-at="2021-05-14T15:31:23 IST" name="verifyEmailTest" data-provider="comments" test-instance-name="verifyEmailTest_CommentId" finished-at="2021-05-14T15:31:23 IST" duration-ms="159" status="PASS">
          <params>
            <param index="0">
              <value>
                <![CDATA[238]]>
              </value>
            </param>
          </params>
          <reporter-output>
          </reporter-output>
        </test-method> <!-- verifyEmailTest -->
        <test-method is-config="true" signature="BeforeMethod(java.lang.reflect.Method,[Ljava.lang.Object;)[pri:0, instance:com.typicode.jsonplaceholder.tests.CommentTests@a530d0a]" started-at="2021-05-14T15:31:23 IST" name="BeforeMethod" test-instance-name="verifyEmailTest_CommentId" finished-at="2021-05-14T15:31:23 IST" duration-ms="1" status="PASS">
          <params>
            <param index="0">
              <value>
                <![CDATA[public void com.typicode.jsonplaceholder.tests.CommentTests.verifyEmailTest(int)]]>
              </value>
            </param>
            <param index="1">
              <value>
                <![CDATA[[Ljava.lang.Object;@1bcb8599]]>
              </value>
            </param>
          </params>
          <reporter-output>
          </reporter-output>
        </test-method> <!-- BeforeMethod -->
        <test-method signature="verifyEmailTest(int)[pri:0, instance:com.typicode.jsonplaceholder.tests.CommentTests@a530d0a]" started-at="2021-05-14T15:31:23 IST" name="verifyEmailTest" data-provider="comments" test-instance-name="verifyEmailTest_CommentId" finished-at="2021-05-14T15:31:23 IST" duration-ms="143" status="PASS">
          <params>
            <param index="0">
              <value>
                <![CDATA[239]]>
              </value>
            </param>
          </params>
          <reporter-output>
          </reporter-output>
        </test-method> <!-- verifyEmailTest -->
        <test-method is-config="true" signature="BeforeMethod(java.lang.reflect.Method,[Ljava.lang.Object;)[pri:0, instance:com.typicode.jsonplaceholder.tests.CommentTests@a530d0a]" started-at="2021-05-14T15:31:23 IST" name="BeforeMethod" test-instance-name="verifyEmailTest_CommentId" finished-at="2021-05-14T15:31:23 IST" duration-ms="0" status="PASS">
          <params>
            <param index="0">
              <value>
                <![CDATA[public void com.typicode.jsonplaceholder.tests.CommentTests.verifyEmailTest(int)]]>
              </value>
            </param>
            <param index="1">
              <value>
                <![CDATA[[Ljava.lang.Object;@b671dda]]>
              </value>
            </param>
          </params>
          <reporter-output>
          </reporter-output>
        </test-method> <!-- BeforeMethod -->
        <test-method signature="verifyEmailTest(int)[pri:0, instance:com.typicode.jsonplaceholder.tests.CommentTests@a530d0a]" started-at="2021-05-14T15:31:23 IST" name="verifyEmailTest" data-provider="comments" test-instance-name="verifyEmailTest_CommentId" finished-at="2021-05-14T15:31:23 IST" duration-ms="170" status="PASS">
          <params>
            <param index="0">
              <value>
                <![CDATA[240]]>
              </value>
            </param>
          </params>
          <reporter-output>
          </reporter-output>
        </test-method> <!-- verifyEmailTest -->
        <test-method signature="verifyEmailTest(int)[pri:0, instance:com.typicode.jsonplaceholder.tests.CommentTests@a530d0a]" started-at="2021-05-14T15:31:23 IST" name="verifyEmailTest" data-provider="comments" test-instance-name="verifyEmailTest_CommentId" finished-at="2021-05-14T15:31:23 IST" duration-ms="152" status="PASS">
          <params>
            <param index="0">
              <value>
                <![CDATA[241]]>
              </value>
            </param>
          </params>
          <reporter-output>
          </reporter-output>
        </test-method> <!-- verifyEmailTest -->
        <test-method is-config="true" signature="BeforeMethod(java.lang.reflect.Method,[Ljava.lang.Object;)[pri:0, instance:com.typicode.jsonplaceholder.tests.CommentTests@a530d0a]" started-at="2021-05-14T15:31:23 IST" name="BeforeMethod" test-instance-name="verifyEmailTest_CommentId" finished-at="2021-05-14T15:31:23 IST" duration-ms="0" status="PASS">
          <params>
            <param index="0">
              <value>
                <![CDATA[public void com.typicode.jsonplaceholder.tests.CommentTests.verifyEmailTest(int)]]>
              </value>
            </param>
            <param index="1">
              <value>
                <![CDATA[[Ljava.lang.Object;@25b20860]]>
              </value>
            </param>
          </params>
          <reporter-output>
          </reporter-output>
        </test-method> <!-- BeforeMethod -->
        <test-method signature="verifyEmailTest(int)[pri:0, instance:com.typicode.jsonplaceholder.tests.CommentTests@a530d0a]" started-at="2021-05-14T15:31:23 IST" name="verifyEmailTest" data-provider="comments" test-instance-name="verifyEmailTest_CommentId" finished-at="2021-05-14T15:31:23 IST" duration-ms="133" status="PASS">
          <params>
            <param index="0">
              <value>
                <![CDATA[242]]>
              </value>
            </param>
          </params>
          <reporter-output>
          </reporter-output>
        </test-method> <!-- verifyEmailTest -->
        <test-method is-config="true" signature="BeforeMethod(java.lang.reflect.Method,[Ljava.lang.Object;)[pri:0, instance:com.typicode.jsonplaceholder.tests.CommentTests@a530d0a]" started-at="2021-05-14T15:31:23 IST" name="BeforeMethod" test-instance-name="verifyEmailTest_CommentId" finished-at="2021-05-14T15:31:23 IST" duration-ms="0" status="PASS">
          <params>
            <param index="0">
              <value>
                <![CDATA[public void com.typicode.jsonplaceholder.tests.CommentTests.verifyEmailTest(int)]]>
              </value>
            </param>
            <param index="1">
              <value>
                <![CDATA[[Ljava.lang.Object;@5ba63110]]>
              </value>
            </param>
          </params>
          <reporter-output>
          </reporter-output>
        </test-method> <!-- BeforeMethod -->
        <test-method is-config="true" signature="BeforeMethod(java.lang.reflect.Method,[Ljava.lang.Object;)[pri:0, instance:com.typicode.jsonplaceholder.tests.CommentTests@a530d0a]" started-at="2021-05-14T15:31:23 IST" name="BeforeMethod" test-instance-name="verifyEmailTest_CommentId" finished-at="2021-05-14T15:31:23 IST" duration-ms="1" status="PASS">
          <params>
            <param index="0">
              <value>
                <![CDATA[public void com.typicode.jsonplaceholder.tests.CommentTests.verifyEmailTest(int)]]>
              </value>
            </param>
            <param index="1">
              <value>
                <![CDATA[[Ljava.lang.Object;@1c0680b0]]>
              </value>
            </param>
          </params>
          <reporter-output>
          </reporter-output>
        </test-method> <!-- BeforeMethod -->
        <test-method signature="verifyEmailTest(int)[pri:0, instance:com.typicode.jsonplaceholder.tests.CommentTests@a530d0a]" started-at="2021-05-14T15:31:23 IST" name="verifyEmailTest" data-provider="comments" test-instance-name="verifyEmailTest_CommentId" finished-at="2021-05-14T15:31:23 IST" duration-ms="142" status="PASS">
          <params>
            <param index="0">
              <value>
                <![CDATA[243]]>
              </value>
            </param>
          </params>
          <reporter-output>
          </reporter-output>
        </test-method> <!-- verifyEmailTest -->
        <test-method is-config="true" signature="BeforeMethod(java.lang.reflect.Method,[Ljava.lang.Object;)[pri:0, instance:com.typicode.jsonplaceholder.tests.CommentTests@a530d0a]" started-at="2021-05-14T15:31:23 IST" name="BeforeMethod" test-instance-name="verifyEmailTest_CommentId" finished-at="2021-05-14T15:31:23 IST" duration-ms="1" status="PASS">
          <params>
            <param index="0">
              <value>
                <![CDATA[public void com.typicode.jsonplaceholder.tests.CommentTests.verifyEmailTest(int)]]>
              </value>
            </param>
            <param index="1">
              <value>
                <![CDATA[[Ljava.lang.Object;@2f3cd727]]>
              </value>
            </param>
          </params>
          <reporter-output>
          </reporter-output>
        </test-method> <!-- BeforeMethod -->
        <test-method signature="verifyEmailTest(int)[pri:0, instance:com.typicode.jsonplaceholder.tests.CommentTests@a530d0a]" started-at="2021-05-14T15:31:23 IST" name="verifyEmailTest" data-provider="comments" test-instance-name="verifyEmailTest_CommentId" finished-at="2021-05-14T15:31:24 IST" duration-ms="165" status="PASS">
          <params>
            <param index="0">
              <value>
                <![CDATA[244]]>
              </value>
            </param>
          </params>
          <reporter-output>
          </reporter-output>
        </test-method> <!-- verifyEmailTest -->
        <test-method is-config="true" signature="BeforeMethod(java.lang.reflect.Method,[Ljava.lang.Object;)[pri:0, instance:com.typicode.jsonplaceholder.tests.CommentTests@a530d0a]" started-at="2021-05-14T15:31:24 IST" name="BeforeMethod" test-instance-name="verifyEmailTest_CommentId" finished-at="2021-05-14T15:31:24 IST" duration-ms="1" status="PASS">
          <params>
            <param index="0">
              <value>
                <![CDATA[public void com.typicode.jsonplaceholder.tests.CommentTests.verifyEmailTest(int)]]>
              </value>
            </param>
            <param index="1">
              <value>
                <![CDATA[[Ljava.lang.Object;@1af82ba8]]>
              </value>
            </param>
          </params>
          <reporter-output>
          </reporter-output>
        </test-method> <!-- BeforeMethod -->
        <test-method signature="verifyEmailTest(int)[pri:0, instance:com.typicode.jsonplaceholder.tests.CommentTests@a530d0a]" started-at="2021-05-14T15:31:24 IST" name="verifyEmailTest" data-provider="comments" test-instance-name="verifyEmailTest_CommentId" finished-at="2021-05-14T15:31:24 IST" duration-ms="147" status="PASS">
          <params>
            <param index="0">
              <value>
                <![CDATA[245]]>
              </value>
            </param>
          </params>
          <reporter-output>
          </reporter-output>
        </test-method> <!-- verifyEmailTest -->
        <test-method is-config="true" signature="BeforeMethod(java.lang.reflect.Method,[Ljava.lang.Object;)[pri:0, instance:com.typicode.jsonplaceholder.tests.CommentTests@a530d0a]" started-at="2021-05-14T15:31:24 IST" name="BeforeMethod" test-instance-name="verifyEmailTest_CommentId" finished-at="2021-05-14T15:31:24 IST" duration-ms="1" status="PASS">
          <params>
            <param index="0">
              <value>
                <![CDATA[public void com.typicode.jsonplaceholder.tests.CommentTests.verifyEmailTest(int)]]>
              </value>
            </param>
            <param index="1">
              <value>
                <![CDATA[[Ljava.lang.Object;@703cb756]]>
              </value>
            </param>
          </params>
          <reporter-output>
          </reporter-output>
        </test-method> <!-- BeforeMethod -->
        <test-method signature="verifyEmailTest(int)[pri:0, instance:com.typicode.jsonplaceholder.tests.CommentTests@a530d0a]" started-at="2021-05-14T15:31:24 IST" name="verifyEmailTest" data-provider="comments" test-instance-name="verifyEmailTest_CommentId" finished-at="2021-05-14T15:31:24 IST" duration-ms="147" status="PASS">
          <params>
            <param index="0">
              <value>
                <![CDATA[246]]>
              </value>
            </param>
          </params>
          <reporter-output>
          </reporter-output>
        </test-method> <!-- verifyEmailTest -->
        <test-method is-config="true" signature="BeforeMethod(java.lang.reflect.Method,[Ljava.lang.Object;)[pri:0, instance:com.typicode.jsonplaceholder.tests.CommentTests@a530d0a]" started-at="2021-05-14T15:31:24 IST" name="BeforeMethod" test-instance-name="verifyEmailTest_CommentId" finished-at="2021-05-14T15:31:24 IST" duration-ms="1" status="PASS">
          <params>
            <param index="0">
              <value>
                <![CDATA[public void com.typicode.jsonplaceholder.tests.CommentTests.verifyEmailTest(int)]]>
              </value>
            </param>
            <param index="1">
              <value>
                <![CDATA[[Ljava.lang.Object;@5897aae1]]>
              </value>
            </param>
          </params>
          <reporter-output>
          </reporter-output>
        </test-method> <!-- BeforeMethod -->
        <test-method signature="verifyEmailTest(int)[pri:0, instance:com.typicode.jsonplaceholder.tests.CommentTests@a530d0a]" started-at="2021-05-14T15:31:24 IST" name="verifyEmailTest" data-provider="comments" test-instance-name="verifyEmailTest_CommentId" finished-at="2021-05-14T15:31:24 IST" duration-ms="147" status="PASS">
          <params>
            <param index="0">
              <value>
                <![CDATA[247]]>
              </value>
            </param>
          </params>
          <reporter-output>
          </reporter-output>
        </test-method> <!-- verifyEmailTest -->
        <test-method is-config="true" signature="BeforeMethod(java.lang.reflect.Method,[Ljava.lang.Object;)[pri:0, instance:com.typicode.jsonplaceholder.tests.CommentTests@a530d0a]" started-at="2021-05-14T15:31:24 IST" name="BeforeMethod" test-instance-name="verifyEmailTest_CommentId" finished-at="2021-05-14T15:31:24 IST" duration-ms="0" status="PASS">
          <params>
            <param index="0">
              <value>
                <![CDATA[public void com.typicode.jsonplaceholder.tests.CommentTests.verifyEmailTest(int)]]>
              </value>
            </param>
            <param index="1">
              <value>
                <![CDATA[[Ljava.lang.Object;@11dbcb3b]]>
              </value>
            </param>
          </params>
          <reporter-output>
          </reporter-output>
        </test-method> <!-- BeforeMethod -->
        <test-method signature="verifyEmailTest(int)[pri:0, instance:com.typicode.jsonplaceholder.tests.CommentTests@a530d0a]" started-at="2021-05-14T15:31:24 IST" name="verifyEmailTest" data-provider="comments" test-instance-name="verifyEmailTest_CommentId" finished-at="2021-05-14T15:31:24 IST" duration-ms="130" status="PASS">
          <params>
            <param index="0">
              <value>
                <![CDATA[248]]>
              </value>
            </param>
          </params>
          <reporter-output>
          </reporter-output>
        </test-method> <!-- verifyEmailTest -->
        <test-method is-config="true" signature="BeforeMethod(java.lang.reflect.Method,[Ljava.lang.Object;)[pri:0, instance:com.typicode.jsonplaceholder.tests.CommentTests@a530d0a]" started-at="2021-05-14T15:31:24 IST" name="BeforeMethod" test-instance-name="verifyEmailTest_CommentId" finished-at="2021-05-14T15:31:24 IST" duration-ms="1" status="PASS">
          <params>
            <param index="0">
              <value>
                <![CDATA[public void com.typicode.jsonplaceholder.tests.CommentTests.verifyEmailTest(int)]]>
              </value>
            </param>
            <param index="1">
              <value>
                <![CDATA[[Ljava.lang.Object;@4aa517c3]]>
              </value>
            </param>
          </params>
          <reporter-output>
          </reporter-output>
        </test-method> <!-- BeforeMethod -->
        <test-method signature="verifyEmailTest(int)[pri:0, instance:com.typicode.jsonplaceholder.tests.CommentTests@a530d0a]" started-at="2021-05-14T15:31:24 IST" name="verifyEmailTest" data-provider="comments" test-instance-name="verifyEmailTest_CommentId" finished-at="2021-05-14T15:31:24 IST" duration-ms="164" status="PASS">
          <params>
            <param index="0">
              <value>
                <![CDATA[249]]>
              </value>
            </param>
          </params>
          <reporter-output>
          </reporter-output>
        </test-method> <!-- verifyEmailTest -->
        <test-method signature="verifyEmailTest(int)[pri:0, instance:com.typicode.jsonplaceholder.tests.CommentTests@a530d0a]" started-at="2021-05-14T15:31:24 IST" name="verifyEmailTest" data-provider="comments" test-instance-name="verifyEmailTest_CommentId" finished-at="2021-05-14T15:31:25 IST" duration-ms="141" status="PASS">
          <params>
            <param index="0">
              <value>
                <![CDATA[250]]>
              </value>
            </param>
          </params>
          <reporter-output>
          </reporter-output>
        </test-method> <!-- verifyEmailTest -->
        <test-method is-config="true" signature="BeforeMethod(java.lang.reflect.Method,[Ljava.lang.Object;)[pri:0, instance:com.typicode.jsonplaceholder.tests.CommentTests@a530d0a]" started-at="2021-05-14T15:31:24 IST" name="BeforeMethod" test-instance-name="verifyEmailTest_CommentId" finished-at="2021-05-14T15:31:24 IST" duration-ms="0" status="PASS">
          <params>
            <param index="0">
              <value>
                <![CDATA[public void com.typicode.jsonplaceholder.tests.CommentTests.verifyEmailTest(int)]]>
              </value>
            </param>
            <param index="1">
              <value>
                <![CDATA[[Ljava.lang.Object;@5f369fc6]]>
              </value>
            </param>
          </params>
          <reporter-output>
          </reporter-output>
        </test-method> <!-- BeforeMethod -->
      </class> <!-- com.typicode.jsonplaceholder.tests.CommentTests -->
    </test> <!-- Default test -->
  </suite> <!-- Default suite -->
</testng-results>
